<?xml version="1.0" encoding="UTF-8"?>
<testng-results ignored="0" total="1" passed="1" failed="0" skipped="0">
  <reporter-output>
  </reporter-output>
  <suite started-at="2024-10-20T13:30:16 IST" name="Suite" finished-at="2024-10-20T13:30:52 IST" duration-ms="35311">
    <groups>
    </groups>
    <test started-at="2024-10-20T13:30:16 IST" name="Test" finished-at="2024-10-20T13:30:52 IST" duration-ms="35311">
      <class name="TestCases.TestLogin">
        <test-method is-config="true" signature="setup()[pri:0, instance:TestCases.TestLogin@3a44431a]" started-at="2024-10-20T13:30:17 IST" name="setup" finished-at="2024-10-20T13:30:45 IST" duration-ms="27628" status="PASS">
          <reporter-output>
          </reporter-output>
        </test-method> <!-- setup -->
        <test-method signature="testLogin()[pri:0, instance:TestCases.TestLogin@3a44431a]" started-at="2024-10-20T13:30:45 IST" name="testLogin" finished-at="2024-10-20T13:30:52 IST" duration-ms="6809" status="PASS">
          <reporter-output>
          </reporter-output>
        </test-method> <!-- testLogin -->
      </class> <!-- TestCases.TestLogin -->
    </test> <!-- Test -->
  </suite> <!-- Suite -->
</testng-results>
